#
# There is insufficient memory for the Java Runtime Environment to continue.
# Native memory allocation (malloc) failed to allocate 2878320 bytes. Error detail: Chunk::new
# Possible reasons:
#   The system is out of physical RAM or swap space
#   This process is running with CompressedOops enabled, and the Java Heap may be blocking the growth of the native heap
# Possible solutions:
#   Reduce memory load on the system
#   Increase physical memory or swap space
#   Check if swap backing store is full
#   Decrease Java heap size (-Xmx/-Xms)
#   Decrease number of Java threads
#   Decrease Java thread stack sizes (-Xss)
#   Set larger code cache with -XX:ReservedCodeCacheSize=
#   JVM is running with Unscaled Compressed Oops mode in which the Java heap is
#     placed in the first 4GB address space. The Java Heap base address is the
#     maximum limit for the native heap growth. Please use -XX:HeapBaseMinAddress
#     to set the Java Heap base and to place the Java Heap above 4GB virtual address.
# This output file may be truncated or incomplete.
#
#  Out of Memory Error (arena.cpp:168), pid=13228, tid=23560
#
# JRE version: OpenJDK Runtime Environment Temurin-21.0.7+6 (21.0.7+6) (build 21.0.7+6-LTS)
# Java VM: OpenJDK 64-Bit Server VM Temurin-21.0.7+6 (21.0.7+6-LTS, mixed mode, sharing, tiered, compressed oops, compressed class ptrs, parallel gc, windows-amd64)
# No core dump will be written. Minidumps are not enabled by default on client versions of Windows
#

---------------  S U M M A R Y ------------

Command Line: --add-modules=ALL-SYSTEM --add-opens=java.base/java.util=ALL-UNNAMED --add-opens=java.base/java.lang=ALL-UNNAMED --add-opens=java.base/sun.nio.fs=ALL-UNNAMED -Declipse.application=org.eclipse.jdt.ls.core.id1 -Dosgi.bundles.defaultStartLevel=4 -Declipse.product=org.eclipse.jdt.ls.core.product -Djava.import.generatesMetadataFilesAtProjectRoot=false -DDetectVMInstallationsJob.disabled=true -Dfile.encoding=utf8 -XX:+UseParallelGC -XX:GCTimeRatio=4 -XX:AdaptiveSizePolicyWeight=90 -Dsun.zip.disableMemoryMapping=true -Xmx2G -Xms100m -Xlog:disable -javaagent:c:\Users\sinsa\.cursor\extensions\redhat.java-1.43.0-win32-x64\lombok\lombok-1.18.39-4050.jar -XX:+HeapDumpOnOutOfMemoryError -XX:HeapDumpPath=c:\Users\sinsa\AppData\Roaming\Cursor\User\workspaceStorage\a40e79e10b17a5a40ff4f0e9fb774601\redhat.java -Daether.dependencyCollector.impl=bf c:\Users\sinsa\.cursor\extensions\redhat.java-1.43.0-win32-x64\server\plugins\org.eclipse.equinox.launcher_1.7.0.v20250519-0528.jar -configuration c:\Users\sinsa\AppData\Roaming\Cursor\User\globalStorage\redhat.java\1.43.0\config_win -data c:\Users\sinsa\AppData\Roaming\Cursor\User\workspaceStorage\a40e79e10b17a5a40ff4f0e9fb774601\redhat.java\jdt_ws --pipe=\\.\pipe\lsp-4108329c3cda866eb1f0c43f28e06749-sock

Host: 13th Gen Intel(R) Core(TM) i5-13420H, 12 cores, 15G,  Windows 11 , 64 bit Build 26100 (10.0.26100.4484)
Time: Sat Jun 28 12:54:51 2025 India Standard Time elapsed time: 1345.815026 seconds (0d 0h 22m 25s)

---------------  T H R E A D  ---------------

Current thread (0x0000015fe802a5a0):  JavaThread "C2 CompilerThread0" daemon [_thread_in_native, id=23560, stack(0x0000002a27a00000,0x0000002a27b00000) (1024K)]


Current CompileTask:
C2:1345815 9150 %     4       org.lombokweb.asm.ClassReader::readCode @ 2187 (5117 bytes)

Stack: [0x0000002a27a00000,0x0000002a27b00000]
Native frames: (J=compiled Java code, j=interpreted, Vv=VM code, C=native code)
V  [jvm.dll+0x6ce119]
V  [jvm.dll+0x8a84a1]
V  [jvm.dll+0x8aa9ce]
V  [jvm.dll+0x8ab0b3]
V  [jvm.dll+0x27f8a6]
V  [jvm.dll+0xc507d]
V  [jvm.dll+0xc55b3]
V  [jvm.dll+0x3b692c]
V  [jvm.dll+0x1e0029]
V  [jvm.dll+0x247c42]
V  [jvm.dll+0x2470cf]
V  [jvm.dll+0x1c760e]
V  [jvm.dll+0x25695a]
V  [jvm.dll+0x254efa]
V  [jvm.dll+0x3f03f6]
V  [jvm.dll+0x851f6b]
V  [jvm.dll+0x6cc7dd]
C  [ucrtbase.dll+0x37b0]
C  [KERNEL32.DLL+0x2e8d7]
C  [ntdll.dll+0x3c34c]


---------------  P R O C E S S  ---------------

Threads class SMR info:
_java_thread_list=0x0000015fe833cfc0, length=44, elements={
0x0000015f8ce6c360, 0x0000015f8f1c5170, 0x0000015f8f1c8200, 0x0000015f8f1ced60,
0x0000015f8f1d17c0, 0x0000015f8f1d2fd0, 0x0000015f8f1d6960, 0x0000015fe802a5a0,
0x0000015fe802adf0, 0x0000015f8f299080, 0x0000015fe835f140, 0x0000015fed775710,
0x0000015fed775da0, 0x0000015fed772920, 0x0000015fed772fb0, 0x0000015fed9989d0,
0x0000015fed995be0, 0x0000015fed996900, 0x0000015fed998340, 0x0000015fed997620,
0x0000015fed997cb0, 0x0000015fed999060, 0x0000015fed9996f0, 0x0000015fed99b7c0,
0x0000015fed99a410, 0x0000015fed999d80, 0x0000015fed99aaa0, 0x0000015fed99b130,
0x0000015fed99be50, 0x0000015fed773cd0, 0x0000015fed774360, 0x0000015fed775080,
0x0000015fed7749f0, 0x0000015fee024080, 0x0000015fee022640, 0x0000015fee021920,
0x0000015fee022cd0, 0x0000015fee020c00, 0x0000015fee024710, 0x0000015fee05c210,
0x0000015fee05a140, 0x0000015fee05b4f0, 0x0000015fee05ae60, 0x0000015feda0ea60
}

Java Threads: ( => current thread )
  0x0000015f8ce6c360 JavaThread "main"                              [_thread_blocked, id=14460, stack(0x0000002a27000000,0x0000002a27100000) (1024K)]
  0x0000015f8f1c5170 JavaThread "Reference Handler"          daemon [_thread_blocked, id=15436, stack(0x0000002a27400000,0x0000002a27500000) (1024K)]
  0x0000015f8f1c8200 JavaThread "Finalizer"                  daemon [_thread_blocked, id=32292, stack(0x0000002a27500000,0x0000002a27600000) (1024K)]
  0x0000015f8f1ced60 JavaThread "Signal Dispatcher"          daemon [_thread_blocked, id=29536, stack(0x0000002a27600000,0x0000002a27700000) (1024K)]
  0x0000015f8f1d17c0 JavaThread "Attach Listener"            daemon [_thread_blocked, id=26296, stack(0x0000002a27700000,0x0000002a27800000) (1024K)]
  0x0000015f8f1d2fd0 JavaThread "Service Thread"             daemon [_thread_blocked, id=3564, stack(0x0000002a27800000,0x0000002a27900000) (1024K)]
  0x0000015f8f1d6960 JavaThread "Monitor Deflation Thread"   daemon [_thread_blocked, id=8348, stack(0x0000002a27900000,0x0000002a27a00000) (1024K)]
=>0x0000015fe802a5a0 JavaThread "C2 CompilerThread0"         daemon [_thread_in_native, id=23560, stack(0x0000002a27a00000,0x0000002a27b00000) (1024K)]
  0x0000015fe802adf0 JavaThread "C1 CompilerThread0"         daemon [_thread_blocked, id=27092, stack(0x0000002a27b00000,0x0000002a27c00000) (1024K)]
  0x0000015f8f299080 JavaThread "Common-Cleaner"             daemon [_thread_blocked, id=5312, stack(0x0000002a27c00000,0x0000002a27d00000) (1024K)]
  0x0000015fe835f140 JavaThread "Notification Thread"        daemon [_thread_blocked, id=29112, stack(0x0000002a27e00000,0x0000002a27f00000) (1024K)]
  0x0000015fed775710 JavaThread "Active Thread: Equinox Container: 4d64891b-00a1-450b-a869-3c3bf1e92364"        [_thread_blocked, id=32200, stack(0x0000002a28c00000,0x0000002a28d00000) (1024K)]
  0x0000015fed775da0 JavaThread "Framework Event Dispatcher: Equinox Container: 4d64891b-00a1-450b-a869-3c3bf1e92364" daemon [_thread_blocked, id=29688, stack(0x0000002a27d00000,0x0000002a27e00000) (1024K)]
  0x0000015fed772920 JavaThread "Start Level: Equinox Container: 4d64891b-00a1-450b-a869-3c3bf1e92364" daemon [_thread_blocked, id=25524, stack(0x0000002a27f00000,0x0000002a28000000) (1024K)]
  0x0000015fed772fb0 JavaThread "Refresh Thread: Equinox Container: 4d64891b-00a1-450b-a869-3c3bf1e92364" daemon [_thread_blocked, id=5744, stack(0x0000002a28900000,0x0000002a28a00000) (1024K)]
  0x0000015fed9989d0 JavaThread "Bundle File Closer"         daemon [_thread_blocked, id=12712, stack(0x0000002a28700000,0x0000002a28800000) (1024K)]
  0x0000015fed995be0 JavaThread "SCR Component Actor"        daemon [_thread_blocked, id=10456, stack(0x0000002a28800000,0x0000002a28900000) (1024K)]
  0x0000015fed996900 JavaThread "Worker-JM"                         [_thread_blocked, id=20472, stack(0x0000002a28d00000,0x0000002a28e00000) (1024K)]
  0x0000015fed998340 JavaThread "Worker-0"                          [_thread_blocked, id=5912, stack(0x0000002a28e00000,0x0000002a28f00000) (1024K)]
  0x0000015fed997620 JavaThread "Java indexing"              daemon [_thread_in_vm, id=17388, stack(0x0000002a29200000,0x0000002a29300000) (1024K)]
  0x0000015fed997cb0 JavaThread "JNA Cleaner"                daemon [_thread_blocked, id=31288, stack(0x0000002a29300000,0x0000002a29400000) (1024K)]
  0x0000015fed999060 JavaThread "Worker-3: Initialize workspace"        [_thread_blocked, id=26556, stack(0x0000002a29a00000,0x0000002a29b00000) (1024K)]
  0x0000015fed9996f0 JavaThread "Worker-5: Java indexing... "        [_thread_blocked, id=21256, stack(0x0000002a29d00000,0x0000002a29e00000) (1024K)]
  0x0000015fed99b7c0 JavaThread "Thread-2"                   daemon [_thread_in_native, id=5808, stack(0x0000002a29e00000,0x0000002a29f00000) (1024K)]
  0x0000015fed99a410 JavaThread "Thread-3"                   daemon [_thread_in_native, id=11908, stack(0x0000002a29f00000,0x0000002a2a000000) (1024K)]
  0x0000015fed999d80 JavaThread "Thread-4"                   daemon [_thread_in_native, id=23384, stack(0x0000002a2a000000,0x0000002a2a100000) (1024K)]
  0x0000015fed99aaa0 JavaThread "Thread-5"                   daemon [_thread_in_native, id=23364, stack(0x0000002a2a100000,0x0000002a2a200000) (1024K)]
  0x0000015fed99b130 JavaThread "Thread-6"                   daemon [_thread_in_native, id=32048, stack(0x0000002a2a200000,0x0000002a2a300000) (1024K)]
  0x0000015fed99be50 JavaThread "Thread-7"                   daemon [_thread_in_native, id=24256, stack(0x0000002a2a300000,0x0000002a2a400000) (1024K)]
  0x0000015fed773cd0 JavaThread "Thread-8"                   daemon [_thread_in_native, id=7704, stack(0x0000002a2a400000,0x0000002a2a500000) (1024K)]
  0x0000015fed774360 JavaThread "Thread-9"                   daemon [_thread_in_native, id=24636, stack(0x0000002a2a500000,0x0000002a2a600000) (1024K)]
  0x0000015fed775080 JavaThread "Thread-10"                  daemon [_thread_in_native, id=9656, stack(0x0000002a2a600000,0x0000002a2a700000) (1024K)]
  0x0000015fed7749f0 JavaThread "Thread-11"                  daemon [_thread_in_native, id=21384, stack(0x0000002a2a700000,0x0000002a2a800000) (1024K)]
  0x0000015fee024080 JavaThread "Thread-12"                  daemon [_thread_in_native, id=29864, stack(0x0000002a2a800000,0x0000002a2a900000) (1024K)]
  0x0000015fee022640 JavaThread "Thread-13"                  daemon [_thread_in_native, id=29356, stack(0x0000002a2a900000,0x0000002a2aa00000) (1024K)]
  0x0000015fee021920 JavaThread "Thread-14"                  daemon [_thread_in_native, id=29224, stack(0x0000002a2aa00000,0x0000002a2ab00000) (1024K)]
  0x0000015fee022cd0 JavaThread "pool-2-thread-1"                   [_thread_blocked, id=32892, stack(0x0000002a2ab00000,0x0000002a2ac00000) (1024K)]
  0x0000015fee020c00 JavaThread "WorkspaceEventsHandler"            [_thread_blocked, id=24584, stack(0x0000002a2ac00000,0x0000002a2ad00000) (1024K)]
  0x0000015fee024710 JavaThread "pool-1-thread-1"                   [_thread_blocked, id=27448, stack(0x0000002a2ad00000,0x0000002a2ae00000) (1024K)]
  0x0000015fee05c210 JavaThread "pool-3-thread-1"                   [_thread_blocked, id=29240, stack(0x0000002a28a00000,0x0000002a28b00000) (1024K)]
  0x0000015fee05a140 JavaThread "Worker-6"                          [_thread_blocked, id=28872, stack(0x0000002a26d00000,0x0000002a26e00000) (1024K)]
  0x0000015fee05b4f0 JavaThread "Worker-7"                          [_thread_blocked, id=32344, stack(0x0000002a26e00000,0x0000002a26f00000) (1024K)]
  0x0000015fee05ae60 JavaThread "ForkJoinPool.commonPool-worker-1" daemon [_thread_in_vm, id=2960, stack(0x0000002a26f00000,0x0000002a27000000) (1024K)]
  0x0000015feda0ea60 JavaThread "C2 CompilerThread1"         daemon [_thread_in_native, id=24396, stack(0x0000002a28b00000,0x0000002a28c00000) (1024K)]
Total: 44

Other Threads:
  0x0000015f8f1c4960 VMThread "VM Thread"                           [id=32708, stack(0x0000002a27300000,0x0000002a27400000) (1024K)]
  0x0000015f8f0bca00 WatcherThread "VM Periodic Task Thread"        [id=23664, stack(0x0000002a27200000,0x0000002a27300000) (1024K)]
  0x0000015f8f24c900 WorkerThread "GC Thread#0"                     [id=21340, stack(0x0000002a27100000,0x0000002a27200000) (1024K)]
  0x0000015fed306170 WorkerThread "GC Thread#1"                     [id=25444, stack(0x0000002a28000000,0x0000002a28100000) (1024K)]
  0x0000015fed4a6500 WorkerThread "GC Thread#2"                     [id=15120, stack(0x0000002a28100000,0x0000002a28200000) (1024K)]
  0x0000015fed4a68a0 WorkerThread "GC Thread#3"                     [id=11736, stack(0x0000002a28200000,0x0000002a28300000) (1024K)]
  0x0000015fed4a6c40 WorkerThread "GC Thread#4"                     [id=24076, stack(0x0000002a28300000,0x0000002a28400000) (1024K)]
  0x0000015fed3b9d50 WorkerThread "GC Thread#5"                     [id=9468, stack(0x0000002a28400000,0x0000002a28500000) (1024K)]
  0x0000015fed3ba0f0 WorkerThread "GC Thread#6"                     [id=15056, stack(0x0000002a28500000,0x0000002a28600000) (1024K)]
  0x0000015f8f22ff80 WorkerThread "GC Thread#7"                     [id=11140, stack(0x0000002a28600000,0x0000002a28700000) (1024K)]
  0x0000015fed44adc0 WorkerThread "GC Thread#8"                     [id=30188, stack(0x0000002a29700000,0x0000002a29800000) (1024K)]
  0x0000015fed44bc40 WorkerThread "GC Thread#9"                     [id=29888, stack(0x0000002a29800000,0x0000002a29900000) (1024K)]
Total: 12

Threads with active compile tasks:
C2 CompilerThread0  1345864 9150 %     4       org.lombokweb.asm.ClassReader::readCode @ 2187 (5117 bytes)
C2 CompilerThread1  1345864 9176       4       org.lombokweb.asm.SymbolTable::<init> (554 bytes)
Total: 2

VM state: not at safepoint (normal execution)

VM Mutex/Monitor currently owned by a thread: None

Heap address: 0x0000000080000000, size: 2048 MB, Compressed Oops mode: 32-bit

CDS archive(s) mapped at: [0x0000015fa6000000-0x0000015fa6ba0000-0x0000015fa6ba0000), size 12189696, SharedBaseAddress: 0x0000015fa6000000, ArchiveRelocationMode: 1.
Compressed class space mapped at: 0x0000015fa7000000-0x0000015fe7000000, reserved size: 1073741824
Narrow klass base: 0x0000015fa6000000, Narrow klass shift: 0, Narrow klass range: 0x100000000

GC Precious Log:
 CardTable entry size: 512
 CPUs: 12 total, 12 available
 Memory: 16087M
 Large Page Support: Disabled
 NUMA Support: Disabled
 Compressed Oops: Enabled (32-bit)
 Alignments: Space 512K, Generation 512K, Heap 2M
 Heap Min Capacity: 100M
 Heap Initial Capacity: 100M
 Heap Max Capacity: 2G
 Pre-touch: Disabled
 Parallel Workers: 10

Heap:
 PSYoungGen      total 20480K, used 9726K [0x00000000d5580000, 0x00000000d6c00000, 0x0000000100000000)
  eden space 17920K, 50% used [0x00000000d5580000,0x00000000d5e45428,0x00000000d6700000)
  from space 2560K, 29% used [0x00000000d6780000,0x00000000d683a548,0x00000000d6a00000)
  to   space 1536K, 0% used [0x00000000d6a80000,0x00000000d6a80000,0x00000000d6c00000)
 ParOldGen       total 68608K, used 44122K [0x0000000080000000, 0x0000000084300000, 0x00000000d5580000)
  object space 68608K, 64% used [0x0000000080000000,0x0000000082b16ab8,0x0000000084300000)
 Metaspace       used 59144K, committed 60544K, reserved 1114112K
  class space    used 6276K, committed 6912K, reserved 1048576K

Card table byte_map: [0x0000015f8ebd0000,0x0000015f8efe0000] _byte_map_base: 0x0000015f8e7d0000

Marking Bits: (ParMarkBitMap*) 0x00007ffd518f31f0
 Begin Bits: [0x0000015fa16d0000, 0x0000015fa36d0000)
 End Bits:   [0x0000015fa36d0000, 0x0000015fa56d0000)

Polling page: 0x0000015f8d2c0000

Metaspace:

Usage:
  Non-class:     51.63 MB used.
      Class:      6.13 MB used.
       Both:     57.76 MB used.

Virtual space:
  Non-class space:       64.00 MB reserved,      52.38 MB ( 82%) committed,  1 nodes.
      Class space:        1.00 GB reserved,       6.75 MB ( <1%) committed,  1 nodes.
             Both:        1.06 GB reserved,      59.12 MB (  5%) committed. 

Chunk freelists:
   Non-Class:  11.22 MB
       Class:  9.22 MB
        Both:  20.44 MB

MaxMetaspaceSize: unlimited
CompressedClassSpaceSize: 1.00 GB
Initial GC threshold: 21.00 MB
Current GC threshold: 97.31 MB
CDS: on
 - commit_granule_bytes: 65536.
 - commit_granule_words: 8192.
 - virtual_space_node_default_size: 8388608.
 - enlarge_chunks_in_place: 1.
 - use_allocation_guard: 0.


Internal statistics:

num_allocs_failed_limit: 9.
num_arena_births: 976.
num_arena_deaths: 26.
num_vsnodes_births: 2.
num_vsnodes_deaths: 0.
num_space_committed: 946.
num_space_uncommitted: 0.
num_chunks_returned_to_freelist: 38.
num_chunks_taken_from_freelist: 3477.
num_chunk_merges: 14.
num_chunk_splits: 2142.
num_chunks_enlarged: 1232.
num_inconsistent_stats: 0.

CodeHeap 'non-profiled nmethods': size=120000Kb used=6522Kb max_used=6522Kb free=113477Kb
 bounds [0x0000015f99ef0000, 0x0000015f9a560000, 0x0000015fa1420000]
CodeHeap 'profiled nmethods': size=120000Kb used=17722Kb max_used=18031Kb free=102277Kb
 bounds [0x0000015f92420000, 0x0000015f935e0000, 0x0000015f99950000]
CodeHeap 'non-nmethods': size=5760Kb used=1450Kb max_used=1506Kb free=4309Kb
 bounds [0x0000015f99950000, 0x0000015f99bc0000, 0x0000015f99ef0000]
 total_blobs=9127 nmethods=8364 adapters=669
 compilation: enabled
              stopped_count=0, restarted_count=0
 full_count=0

Compilation events (20 events):
Event: 1344.812 Thread 0x0000015fe802adf0 nmethod 9216 0x0000015f92db1b90 code [0x0000015f92db1d40, 0x0000015f92db1ed8]
Event: 1344.813 Thread 0x0000015fe802adf0 9217       3       org.eclipse.jdt.internal.compiler.classfmt.InnerClassInfo::getSourceName (60 bytes)
Event: 1344.814 Thread 0x0000015fe802adf0 nmethod 9217 0x0000015f92d79a90 code [0x0000015f92d79c80, 0x0000015f92d7a148]
Event: 1344.814 Thread 0x0000015fe802adf0 9218       3       org.eclipse.jdt.internal.compiler.classfmt.ClassFileReader::isAnonymous (30 bytes)
Event: 1344.814 Thread 0x0000015fe802adf0 nmethod 9218 0x0000015f92dbca90 code [0x0000015f92dbcc60, 0x0000015f92dbceb0]
Event: 1344.814 Thread 0x0000015fe802adf0 9219       1       org.eclipse.jdt.internal.compiler.classfmt.ClassFileReader::getEnclosingTypeName (5 bytes)
Event: 1344.814 Thread 0x0000015fe802adf0 nmethod 9219 0x0000015f9a0e2490 code [0x0000015f9a0e2620, 0x0000015f9a0e26f0]
Event: 1344.817 Thread 0x0000015fe802adf0 9220       3       org.eclipse.jdt.internal.compiler.classfmt.ClassFileReader::<init> (31 bytes)
Event: 1344.817 Thread 0x0000015fe802adf0 nmethod 9220 0x0000015f92ddd810 code [0x0000015f92ddd9c0, 0x0000015f92dddb98]
Event: 1344.820 Thread 0x0000015fe802adf0 9221       3       org.eclipse.jdt.internal.core.search.indexing.BinaryIndexer::convertToArrayType (63 bytes)
Event: 1344.821 Thread 0x0000015fe802adf0 nmethod 9221 0x0000015f92973c10 code [0x0000015f92973de0, 0x0000015f92974148]
Event: 1344.823 Thread 0x0000015fe802adf0 9222       3       org.eclipse.jdt.internal.core.search.matching.SuperTypeReferencePattern::createIndexKey (619 bytes)
Event: 1344.825 Thread 0x0000015fe802adf0 nmethod 9222 0x0000015f92739110 code [0x0000015f927394c0, 0x0000015f9273b240]
Event: 1344.825 Thread 0x0000015fe802adf0 9224       3       org.eclipse.jdt.internal.compiler.util.HashtableOfObject::calculateNewSize (91 bytes)
Event: 1344.826 Thread 0x0000015fe802adf0 nmethod 9224 0x0000015f92973290 code [0x0000015f929734a0, 0x0000015f929739d8]
Event: 1344.826 Thread 0x0000015fe802adf0 9223       3       org.eclipse.jdt.internal.core.search.indexing.AbstractIndexer::erasure (21 bytes)
Event: 1344.826 Thread 0x0000015fe802adf0 nmethod 9223 0x0000015f929c0690 code [0x0000015f929c0860, 0x0000015f929c0ba8]
Event: 1344.827 Thread 0x0000015fe802adf0 9225       3       org.eclipse.jdt.internal.core.search.indexing.BinaryIndexer::extractArgCount (316 bytes)
Event: 1344.828 Thread 0x0000015fe802adf0 nmethod 9225 0x0000015f92812290 code [0x0000015f92812500, 0x0000015f928130c8]
Event: 1344.828 Thread 0x0000015fe802adf0 9226       3       org.eclipse.jdt.internal.core.search.matching.ConstructorPattern::createDeclarationIndexKey (583 bytes)

GC Heap History (20 events):
Event: 1340.020 GC heap before
{Heap before GC invocations=49 (full 2):
 PSYoungGen      total 20992K, used 20800K [0x00000000d5580000, 0x00000000d6d80000, 0x0000000100000000)
  eden space 18944K, 100% used [0x00000000d5580000,0x00000000d6800000,0x00000000d6800000)
  from space 2048K, 90% used [0x00000000d6b80000,0x00000000d6d50000,0x00000000d6d80000)
  to   space 2560K, 0% used [0x00000000d6880000,0x00000000d6880000,0x00000000d6b00000)
 ParOldGen       total 68608K, used 35944K [0x0000000080000000, 0x0000000084300000, 0x00000000d5580000)
  object space 68608K, 52% used [0x0000000080000000,0x000000008231a320,0x0000000084300000)
 Metaspace       used 56063K, committed 57472K, reserved 1114112K
  class space    used 6013K, committed 6656K, reserved 1048576K
}
Event: 1340.025 GC heap after
{Heap after GC invocations=49 (full 2):
 PSYoungGen      total 20992K, used 1796K [0x00000000d5580000, 0x00000000d6c00000, 0x0000000100000000)
  eden space 18944K, 0% used [0x00000000d5580000,0x00000000d5580000,0x00000000d6800000)
  from space 2048K, 87% used [0x00000000d6880000,0x00000000d6a41000,0x00000000d6a80000)
  to   space 1536K, 0% used [0x00000000d6a80000,0x00000000d6a80000,0x00000000d6c00000)
 ParOldGen       total 68608K, used 37607K [0x0000000080000000, 0x0000000084300000, 0x00000000d5580000)
  object space 68608K, 54% used [0x0000000080000000,0x00000000824b9cd0,0x0000000084300000)
 Metaspace       used 56063K, committed 57472K, reserved 1114112K
  class space    used 6013K, committed 6656K, reserved 1048576K
}
Event: 1340.285 GC heap before
{Heap before GC invocations=50 (full 2):
 PSYoungGen      total 20992K, used 20740K [0x00000000d5580000, 0x00000000d6c00000, 0x0000000100000000)
  eden space 18944K, 100% used [0x00000000d5580000,0x00000000d6800000,0x00000000d6800000)
  from space 2048K, 87% used [0x00000000d6880000,0x00000000d6a41000,0x00000000d6a80000)
  to   space 1536K, 0% used [0x00000000d6a80000,0x00000000d6a80000,0x00000000d6c00000)
 ParOldGen       total 68608K, used 37607K [0x0000000080000000, 0x0000000084300000, 0x00000000d5580000)
  object space 68608K, 54% used [0x0000000080000000,0x00000000824b9cd0,0x0000000084300000)
 Metaspace       used 56348K, committed 57664K, reserved 1114112K
  class space    used 6043K, committed 6656K, reserved 1048576K
}
Event: 1340.294 GC heap after
{Heap after GC invocations=50 (full 2):
 PSYoungGen      total 19456K, used 1520K [0x00000000d5580000, 0x00000000d6f00000, 0x0000000100000000)
  eden space 17920K, 0% used [0x00000000d5580000,0x00000000d5580000,0x00000000d6700000)
  from space 1536K, 98% used [0x00000000d6a80000,0x00000000d6bfc010,0x00000000d6c00000)
  to   space 3584K, 0% used [0x00000000d6700000,0x00000000d6700000,0x00000000d6a80000)
 ParOldGen       total 68608K, used 39295K [0x0000000080000000, 0x0000000084300000, 0x00000000d5580000)
  object space 68608K, 57% used [0x0000000080000000,0x000000008265fdd0,0x0000000084300000)
 Metaspace       used 56348K, committed 57664K, reserved 1114112K
  class space    used 6043K, committed 6656K, reserved 1048576K
}
Event: 1340.692 GC heap before
{Heap before GC invocations=51 (full 2):
 PSYoungGen      total 19456K, used 19440K [0x00000000d5580000, 0x00000000d6f00000, 0x0000000100000000)
  eden space 17920K, 100% used [0x00000000d5580000,0x00000000d6700000,0x00000000d6700000)
  from space 1536K, 98% used [0x00000000d6a80000,0x00000000d6bfc010,0x00000000d6c00000)
  to   space 3584K, 0% used [0x00000000d6700000,0x00000000d6700000,0x00000000d6a80000)
 ParOldGen       total 68608K, used 39295K [0x0000000080000000, 0x0000000084300000, 0x00000000d5580000)
  object space 68608K, 57% used [0x0000000080000000,0x000000008265fdd0,0x0000000084300000)
 Metaspace       used 56445K, committed 57792K, reserved 1114112K
  class space    used 6055K, committed 6656K, reserved 1048576K
}
Event: 1340.696 GC heap after
{Heap after GC invocations=51 (full 2):
 PSYoungGen      total 19968K, used 1664K [0x00000000d5580000, 0x00000000d6c00000, 0x0000000100000000)
  eden space 17920K, 0% used [0x00000000d5580000,0x00000000d5580000,0x00000000d6700000)
  from space 2048K, 81% used [0x00000000d6700000,0x00000000d68a0010,0x00000000d6900000)
  to   space 2560K, 0% used [0x00000000d6980000,0x00000000d6980000,0x00000000d6c00000)
 ParOldGen       total 68608K, used 40767K [0x0000000080000000, 0x0000000084300000, 0x00000000d5580000)
  object space 68608K, 59% used [0x0000000080000000,0x00000000827cfde0,0x0000000084300000)
 Metaspace       used 56445K, committed 57792K, reserved 1114112K
  class space    used 6055K, committed 6656K, reserved 1048576K
}
Event: 1341.100 GC heap before
{Heap before GC invocations=52 (full 2):
 PSYoungGen      total 19968K, used 19584K [0x00000000d5580000, 0x00000000d6c00000, 0x0000000100000000)
  eden space 17920K, 100% used [0x00000000d5580000,0x00000000d6700000,0x00000000d6700000)
  from space 2048K, 81% used [0x00000000d6700000,0x00000000d68a0010,0x00000000d6900000)
  to   space 2560K, 0% used [0x00000000d6980000,0x00000000d6980000,0x00000000d6c00000)
 ParOldGen       total 68608K, used 40767K [0x0000000080000000, 0x0000000084300000, 0x00000000d5580000)
  object space 68608K, 59% used [0x0000000080000000,0x00000000827cfde0,0x0000000084300000)
 Metaspace       used 56499K, committed 57920K, reserved 1114112K
  class space    used 6068K, committed 6720K, reserved 1048576K
}
Event: 1341.107 GC heap after
{Heap after GC invocations=52 (full 2):
 PSYoungGen      total 19456K, used 1440K [0x00000000d5580000, 0x00000000d6b00000, 0x0000000100000000)
  eden space 17920K, 0% used [0x00000000d5580000,0x00000000d5580000,0x00000000d6700000)
  from space 1536K, 93% used [0x00000000d6980000,0x00000000d6ae8000,0x00000000d6b00000)
  to   space 2048K, 0% used [0x00000000d6700000,0x00000000d6700000,0x00000000d6900000)
 ParOldGen       total 68608K, used 42287K [0x0000000080000000, 0x0000000084300000, 0x00000000d5580000)
  object space 68608K, 61% used [0x0000000080000000,0x000000008294bdf0,0x0000000084300000)
 Metaspace       used 56499K, committed 57920K, reserved 1114112K
  class space    used 6068K, committed 6720K, reserved 1048576K
}
Event: 1341.945 GC heap before
{Heap before GC invocations=53 (full 2):
 PSYoungGen      total 19456K, used 19337K [0x00000000d5580000, 0x00000000d6b00000, 0x0000000100000000)
  eden space 17920K, 99% used [0x00000000d5580000,0x00000000d66fa4e8,0x00000000d6700000)
  from space 1536K, 93% used [0x00000000d6980000,0x00000000d6ae8000,0x00000000d6b00000)
  to   space 2048K, 0% used [0x00000000d6700000,0x00000000d6700000,0x00000000d6900000)
 ParOldGen       total 68608K, used 42287K [0x0000000080000000, 0x0000000084300000, 0x00000000d5580000)
  object space 68608K, 61% used [0x0000000080000000,0x000000008294bdf0,0x0000000084300000)
 Metaspace       used 57279K, committed 58624K, reserved 1114112K
  class space    used 6113K, committed 6720K, reserved 1048576K
}
Event: 1341.952 GC heap after
{Heap after GC invocations=53 (full 2):
 PSYoungGen      total 19968K, used 2043K [0x00000000d5580000, 0x00000000d7100000, 0x0000000100000000)
  eden space 17920K, 0% used [0x00000000d5580000,0x00000000d5580000,0x00000000d6700000)
  from space 2048K, 99% used [0x00000000d6700000,0x00000000d68feed8,0x00000000d6900000)
  to   space 5120K, 0% used [0x00000000d6c00000,0x00000000d6c00000,0x00000000d7100000)
 ParOldGen       total 68608K, used 44447K [0x0000000080000000, 0x0000000084300000, 0x00000000d5580000)
  object space 68608K, 64% used [0x0000000080000000,0x0000000082b67ff0,0x0000000084300000)
 Metaspace       used 57279K, committed 58624K, reserved 1114112K
  class space    used 6113K, committed 6720K, reserved 1048576K
}
Event: 1342.771 GC heap before
{Heap before GC invocations=54 (full 2):
 PSYoungGen      total 19968K, used 19963K [0x00000000d5580000, 0x00000000d7100000, 0x0000000100000000)
  eden space 17920K, 100% used [0x00000000d5580000,0x00000000d6700000,0x00000000d6700000)
  from space 2048K, 99% used [0x00000000d6700000,0x00000000d68feed8,0x00000000d6900000)
  to   space 5120K, 0% used [0x00000000d6c00000,0x00000000d6c00000,0x00000000d7100000)
 ParOldGen       total 68608K, used 44447K [0x0000000080000000, 0x0000000084300000, 0x00000000d5580000)
  object space 68608K, 64% used [0x0000000080000000,0x0000000082b67ff0,0x0000000084300000)
 Metaspace       used 58292K, committed 59712K, reserved 1114112K
  class space    used 6211K, committed 6848K, reserved 1048576K
}
Event: 1342.777 GC heap after
{Heap after GC invocations=54 (full 2):
 PSYoungGen      total 19456K, used 1065K [0x00000000d5580000, 0x00000000d6d80000, 0x0000000100000000)
  eden space 17920K, 0% used [0x00000000d5580000,0x00000000d5580000,0x00000000d6700000)
  from space 1536K, 69% used [0x00000000d6c00000,0x00000000d6d0a5f8,0x00000000d6d80000)
  to   space 2560K, 0% used [0x00000000d6880000,0x00000000d6880000,0x00000000d6b00000)
 ParOldGen       total 68608K, used 46448K [0x0000000080000000, 0x0000000084300000, 0x00000000d5580000)
  object space 68608K, 67% used [0x0000000080000000,0x0000000082d5c370,0x0000000084300000)
 Metaspace       used 58292K, committed 59712K, reserved 1114112K
  class space    used 6211K, committed 6848K, reserved 1048576K
}
Event: 1342.835 GC heap before
{Heap before GC invocations=55 (full 2):
 PSYoungGen      total 19456K, used 2124K [0x00000000d5580000, 0x00000000d6d80000, 0x0000000100000000)
  eden space 17920K, 5% used [0x00000000d5580000,0x00000000d5688b10,0x00000000d6700000)
  from space 1536K, 69% used [0x00000000d6c00000,0x00000000d6d0a5f8,0x00000000d6d80000)
  to   space 2560K, 0% used [0x00000000d6880000,0x00000000d6880000,0x00000000d6b00000)
 ParOldGen       total 68608K, used 46448K [0x0000000080000000, 0x0000000084300000, 0x00000000d5580000)
  object space 68608K, 67% used [0x0000000080000000,0x0000000082d5c370,0x0000000084300000)
 Metaspace       used 58401K, committed 59776K, reserved 1114112K
  class space    used 6214K, committed 6848K, reserved 1048576K
}
Event: 1342.837 GC heap after
{Heap after GC invocations=55 (full 2):
 PSYoungGen      total 20480K, used 256K [0x00000000d5580000, 0x00000000d6c80000, 0x0000000100000000)
  eden space 17920K, 0% used [0x00000000d5580000,0x00000000d5580000,0x00000000d6700000)
  from space 2560K, 10% used [0x00000000d6880000,0x00000000d68c0000,0x00000000d6b00000)
  to   space 1024K, 0% used [0x00000000d6b80000,0x00000000d6b80000,0x00000000d6c80000)
 ParOldGen       total 68608K, used 47297K [0x0000000080000000, 0x0000000084300000, 0x00000000d5580000)
  object space 68608K, 68% used [0x0000000080000000,0x0000000082e30768,0x0000000084300000)
 Metaspace       used 58401K, committed 59776K, reserved 1114112K
  class space    used 6214K, committed 6848K, reserved 1048576K
}
Event: 1342.837 GC heap before
{Heap before GC invocations=56 (full 3):
 PSYoungGen      total 20480K, used 256K [0x00000000d5580000, 0x00000000d6c80000, 0x0000000100000000)
  eden space 17920K, 0% used [0x00000000d5580000,0x00000000d5580000,0x00000000d6700000)
  from space 2560K, 10% used [0x00000000d6880000,0x00000000d68c0000,0x00000000d6b00000)
  to   space 1024K, 0% used [0x00000000d6b80000,0x00000000d6b80000,0x00000000d6c80000)
 ParOldGen       total 68608K, used 47297K [0x0000000080000000, 0x0000000084300000, 0x00000000d5580000)
  object space 68608K, 68% used [0x0000000080000000,0x0000000082e30768,0x0000000084300000)
 Metaspace       used 58401K, committed 59776K, reserved 1114112K
  class space    used 6214K, committed 6848K, reserved 1048576K
}
Event: 1343.157 GC heap after
{Heap after GC invocations=56 (full 3):
 PSYoungGen      total 20480K, used 0K [0x00000000d5580000, 0x00000000d6c80000, 0x0000000100000000)
  eden space 17920K, 0% used [0x00000000d5580000,0x00000000d5580000,0x00000000d6700000)
  from space 2560K, 0% used [0x00000000d6880000,0x00000000d6880000,0x00000000d6b00000)
  to   space 1024K, 0% used [0x00000000d6b80000,0x00000000d6b80000,0x00000000d6c80000)
 ParOldGen       total 68608K, used 42621K [0x0000000080000000, 0x0000000084300000, 0x00000000d5580000)
  object space 68608K, 62% used [0x0000000080000000,0x000000008299f518,0x0000000084300000)
 Metaspace       used 58401K, committed 59776K, reserved 1114112K
  class space    used 6214K, committed 6848K, reserved 1048576K
}
Event: 1343.630 GC heap before
{Heap before GC invocations=57 (full 3):
 PSYoungGen      total 20480K, used 17881K [0x00000000d5580000, 0x00000000d6c80000, 0x0000000100000000)
  eden space 17920K, 99% used [0x00000000d5580000,0x00000000d66f66a0,0x00000000d6700000)
  from space 2560K, 0% used [0x00000000d6880000,0x00000000d6880000,0x00000000d6b00000)
  to   space 1024K, 0% used [0x00000000d6b80000,0x00000000d6b80000,0x00000000d6c80000)
 ParOldGen       total 68608K, used 42621K [0x0000000080000000, 0x0000000084300000, 0x00000000d5580000)
  object space 68608K, 62% used [0x0000000080000000,0x000000008299f518,0x0000000084300000)
 Metaspace       used 59048K, committed 60416K, reserved 1114112K
  class space    used 6276K, committed 6912K, reserved 1048576K
}
Event: 1343.632 GC heap after
{Heap after GC invocations=57 (full 3):
 PSYoungGen      total 18944K, used 1017K [0x00000000d5580000, 0x00000000d6c80000, 0x0000000100000000)
  eden space 17920K, 0% used [0x00000000d5580000,0x00000000d5580000,0x00000000d6700000)
  from space 1024K, 99% used [0x00000000d6b80000,0x00000000d6c7e5d0,0x00000000d6c80000)
  to   space 2560K, 0% used [0x00000000d6780000,0x00000000d6780000,0x00000000d6a00000)
 ParOldGen       total 68608K, used 43643K [0x0000000080000000, 0x0000000084300000, 0x00000000d5580000)
  object space 68608K, 63% used [0x0000000080000000,0x0000000082a9ee00,0x0000000084300000)
 Metaspace       used 59048K, committed 60416K, reserved 1114112K
  class space    used 6276K, committed 6912K, reserved 1048576K
}
Event: 1344.773 GC heap before
{Heap before GC invocations=58 (full 3):
 PSYoungGen      total 18944K, used 18937K [0x00000000d5580000, 0x00000000d6c80000, 0x0000000100000000)
  eden space 17920K, 100% used [0x00000000d5580000,0x00000000d6700000,0x00000000d6700000)
  from space 1024K, 99% used [0x00000000d6b80000,0x00000000d6c7e5d0,0x00000000d6c80000)
  to   space 2560K, 0% used [0x00000000d6780000,0x00000000d6780000,0x00000000d6a00000)
 ParOldGen       total 68608K, used 43643K [0x0000000080000000, 0x0000000084300000, 0x00000000d5580000)
  object space 68608K, 63% used [0x0000000080000000,0x0000000082a9ee00,0x0000000084300000)
 Metaspace       used 59075K, committed 60480K, reserved 1114112K
  class space    used 6276K, committed 6912K, reserved 1048576K
}
Event: 1344.774 GC heap after
{Heap after GC invocations=58 (full 3):
 PSYoungGen      total 20480K, used 745K [0x00000000d5580000, 0x00000000d6c00000, 0x0000000100000000)
  eden space 17920K, 0% used [0x00000000d5580000,0x00000000d5580000,0x00000000d6700000)
  from space 2560K, 29% used [0x00000000d6780000,0x00000000d683a548,0x00000000d6a00000)
  to   space 1536K, 0% used [0x00000000d6a80000,0x00000000d6a80000,0x00000000d6c00000)
 ParOldGen       total 68608K, used 44122K [0x0000000080000000, 0x0000000084300000, 0x00000000d5580000)
  object space 68608K, 64% used [0x0000000080000000,0x0000000082b16ab8,0x0000000084300000)
 Metaspace       used 59075K, committed 60480K, reserved 1114112K
  class space    used 6276K, committed 6912K, reserved 1048576K
}

Dll operation events (14 events):
Event: 0.014 Loaded shared library c:\Users\sinsa\.cursor\extensions\redhat.java-1.43.0-win32-x64\jre\21.0.7-win32-x86_64\bin\java.dll
Event: 0.089 Loaded shared library c:\Users\sinsa\.cursor\extensions\redhat.java-1.43.0-win32-x64\jre\21.0.7-win32-x86_64\bin\zip.dll
Event: 0.109 Loaded shared library C:\Users\sinsa\.cursor\extensions\redhat.java-1.43.0-win32-x64\jre\21.0.7-win32-x86_64\bin\instrument.dll
Event: 0.117 Loaded shared library C:\Users\sinsa\.cursor\extensions\redhat.java-1.43.0-win32-x64\jre\21.0.7-win32-x86_64\bin\net.dll
Event: 0.121 Loaded shared library C:\Users\sinsa\.cursor\extensions\redhat.java-1.43.0-win32-x64\jre\21.0.7-win32-x86_64\bin\nio.dll
Event: 0.125 Loaded shared library C:\Users\sinsa\.cursor\extensions\redhat.java-1.43.0-win32-x64\jre\21.0.7-win32-x86_64\bin\zip.dll
Event: 0.143 Loaded shared library C:\Users\sinsa\.cursor\extensions\redhat.java-1.43.0-win32-x64\jre\21.0.7-win32-x86_64\bin\jimage.dll
Event: 0.227 Loaded shared library c:\Users\sinsa\.cursor\extensions\redhat.java-1.43.0-win32-x64\jre\21.0.7-win32-x86_64\bin\verify.dll
Event: 15.459 Loaded shared library C:\Users\sinsa\AppData\Roaming\Cursor\User\globalStorage\redhat.java\1.43.0\config_win\org.eclipse.equinox.launcher\org.eclipse.equinox.launcher.win32.win32.x86_64_1.2.1300.v20250331-1702\eclipse_11911.dll
Event: 30.147 Loaded shared library C:\Users\sinsa\.cursor\extensions\redhat.java-1.43.0-win32-x64\jre\21.0.7-win32-x86_64\bin\management.dll
Event: 30.150 Loaded shared library C:\Users\sinsa\.cursor\extensions\redhat.java-1.43.0-win32-x64\jre\21.0.7-win32-x86_64\bin\management_ext.dll
Event: 31.499 Loaded shared library C:\Users\sinsa\AppData\Local\Temp\jna-109442342\jna10146425105043616875.dll
Event: 31.666 Loaded shared library C:\Users\sinsa\.cursor\extensions\redhat.java-1.43.0-win32-x64\jre\21.0.7-win32-x86_64\bin\sunmscapi.dll
Event: 32.048 Loaded shared library C:\Users\sinsa\.cursor\extensions\redhat.java-1.43.0-win32-x64\jre\21.0.7-win32-x86_64\bin\extnet.dll

Deoptimization events (20 events):
Event: 1344.478 Thread 0x0000015fee05ae60 DEOPT PACKING pc=0x0000015f9a111b88 sp=0x0000002a26ff9fe0
Event: 1344.478 Thread 0x0000015fee05ae60 DEOPT UNPACKING pc=0x0000015f999a3aa2 sp=0x0000002a26ff9d90 mode 2
Event: 1344.713 Thread 0x0000015fee05ae60 DEOPT PACKING pc=0x0000015f92d4a471 sp=0x0000002a26ffa610
Event: 1344.713 Thread 0x0000015fee05ae60 DEOPT UNPACKING pc=0x0000015f999a4242 sp=0x0000002a26ff9bb8 mode 0
Event: 1344.743 Thread 0x0000015fee05ae60 DEOPT PACKING pc=0x0000015f92d4a471 sp=0x0000002a26ffa610
Event: 1344.743 Thread 0x0000015fee05ae60 DEOPT UNPACKING pc=0x0000015f999a4242 sp=0x0000002a26ff9bb8 mode 0
Event: 1344.758 Thread 0x0000015fee05ae60 DEOPT PACKING pc=0x0000015f92d4a471 sp=0x0000002a26ffa610
Event: 1344.758 Thread 0x0000015fee05ae60 DEOPT UNPACKING pc=0x0000015f999a4242 sp=0x0000002a26ff9bb8 mode 0
Event: 1344.761 Thread 0x0000015fee05ae60 DEOPT PACKING pc=0x0000015f92d4a471 sp=0x0000002a26ffa610
Event: 1344.761 Thread 0x0000015fee05ae60 DEOPT UNPACKING pc=0x0000015f999a4242 sp=0x0000002a26ff9bb8 mode 0
Event: 1344.764 Thread 0x0000015fee05ae60 DEOPT PACKING pc=0x0000015f92d4a471 sp=0x0000002a26ffa610
Event: 1344.764 Thread 0x0000015fee05ae60 DEOPT UNPACKING pc=0x0000015f999a4242 sp=0x0000002a26ff9bb8 mode 0
Event: 1344.776 Thread 0x0000015fee05ae60 DEOPT PACKING pc=0x0000015f92d4a471 sp=0x0000002a26ffa610
Event: 1344.776 Thread 0x0000015fee05ae60 DEOPT UNPACKING pc=0x0000015f999a4242 sp=0x0000002a26ff9bb8 mode 0
Event: 1344.802 Thread 0x0000015fee05ae60 DEOPT PACKING pc=0x0000015f92d4a471 sp=0x0000002a26ffa610
Event: 1344.802 Thread 0x0000015fee05ae60 DEOPT UNPACKING pc=0x0000015f999a4242 sp=0x0000002a26ff9bb8 mode 0
Event: 1344.810 Thread 0x0000015fed997620 DEOPT PACKING pc=0x0000015f9356d6b0 sp=0x0000002a292feb10
Event: 1344.810 Thread 0x0000015fed997620 DEOPT UNPACKING pc=0x0000015f999a4242 sp=0x0000002a292fdf58 mode 0
Event: 1344.827 Thread 0x0000015fed997620 DEOPT PACKING pc=0x0000015f9358bf3f sp=0x0000002a292feb20
Event: 1344.827 Thread 0x0000015fed997620 DEOPT UNPACKING pc=0x0000015f999a4242 sp=0x0000002a292fdf50 mode 0

Classes loaded (20 events):
Event: 1340.102 Loading class java/io/ObjectStreamClass$FieldReflectorKey
Event: 1340.102 Loading class java/io/ObjectStreamClass$FieldReflectorKey done
Event: 1340.103 Loading class java/io/ObjectStreamClass$FieldReflector
Event: 1340.103 Loading class java/io/ObjectStreamClass$FieldReflector done
Event: 1340.117 Loading class java/io/ObjectStreamClass$ClassDataSlot
Event: 1340.117 Loading class java/io/ObjectStreamClass$ClassDataSlot done
Event: 1340.133 Loading class java/io/SerialCallbackContext
Event: 1340.133 Loading class java/io/SerialCallbackContext done
Event: 1342.720 Loading class java/util/regex/Pattern$Caret
Event: 1342.721 Loading class java/util/regex/Pattern$Caret done
Event: 1343.265 Loading class java/util/stream/ReferencePipeline$4
Event: 1343.266 Loading class java/util/stream/ReferencePipeline$4 done
Event: 1343.267 Loading class java/util/stream/Nodes$IntFixedNodeBuilder
Event: 1343.267 Loading class java/util/stream/Node$Builder$OfInt
Event: 1343.268 Loading class java/util/stream/Node$Builder$OfInt done
Event: 1343.268 Loading class java/util/stream/Nodes$IntArrayNode
Event: 1343.269 Loading class java/util/stream/Nodes$IntArrayNode done
Event: 1343.269 Loading class java/util/stream/Nodes$IntFixedNodeBuilder done
Event: 1343.269 Loading class java/util/stream/ReferencePipeline$4$1
Event: 1343.269 Loading class java/util/stream/ReferencePipeline$4$1 done

Classes unloaded (13 events):
Event: 30.712 Thread 0x0000015f8f1c4960 Unloading class 0x0000015fa71a2000 'java/lang/invoke/LambdaForm$MH+0x0000015fa71a2000'
Event: 30.712 Thread 0x0000015f8f1c4960 Unloading class 0x0000015fa71a1c00 'java/lang/invoke/LambdaForm$MH+0x0000015fa71a1c00'
Event: 30.712 Thread 0x0000015f8f1c4960 Unloading class 0x0000015fa71a1800 'java/lang/invoke/LambdaForm$MH+0x0000015fa71a1800'
Event: 30.712 Thread 0x0000015f8f1c4960 Unloading class 0x0000015fa71a1400 'java/lang/invoke/LambdaForm$MH+0x0000015fa71a1400'
Event: 30.712 Thread 0x0000015f8f1c4960 Unloading class 0x0000015fa71a1000 'java/lang/invoke/LambdaForm$BMH+0x0000015fa71a1000'
Event: 30.712 Thread 0x0000015f8f1c4960 Unloading class 0x0000015fa71a0c00 'java/lang/invoke/LambdaForm$DMH+0x0000015fa71a0c00'
Event: 30.712 Thread 0x0000015f8f1c4960 Unloading class 0x0000015fa719b800 'java/lang/invoke/LambdaForm$DMH+0x0000015fa719b800'
Event: 31.836 Thread 0x0000015f8f1c4960 Unloading class 0x0000015fa732b800 'java/lang/invoke/LambdaForm$MH+0x0000015fa732b800'
Event: 31.836 Thread 0x0000015f8f1c4960 Unloading class 0x0000015fa732ac00 'java/lang/invoke/LambdaForm$MH+0x0000015fa732ac00'
Event: 31.836 Thread 0x0000015f8f1c4960 Unloading class 0x0000015fa732a400 'java/lang/invoke/LambdaForm$MH+0x0000015fa732a400'
Event: 31.836 Thread 0x0000015f8f1c4960 Unloading class 0x0000015fa7329c00 'java/lang/invoke/LambdaForm$MH+0x0000015fa7329c00'
Event: 31.836 Thread 0x0000015f8f1c4960 Unloading class 0x0000015fa7329800 'java/lang/invoke/LambdaForm$DMH+0x0000015fa7329800'
Event: 31.836 Thread 0x0000015f8f1c4960 Unloading class 0x0000015fa7328c00 'java/lang/invoke/LambdaForm$MH+0x0000015fa7328c00'

Classes redefined (0 events):
No events

Internal exceptions (20 events):
Event: 1335.095 Thread 0x0000015fee024710 Exception <a 'java/io/FileNotFoundException'{0x00000000d5f25968}> (0x00000000d5f25968) 
thrown [s\src\hotspot\share\prims\jni.cpp, line 520]
Event: 1335.281 Thread 0x0000015fee024710 Implicit null exception at 0x0000015f9a1c5ba6 to 0x0000015f9a1c5e74
Event: 1335.288 Thread 0x0000015fee024710 Exception <a 'java/lang/NoSuchMethodError'{0x00000000d6333cd0}: 'java.lang.Object java.lang.invoke.DelegatingMethodHandle$Holder.reinvoke_L(java.lang.Object, int, long, java.lang.Object, java.lang.Object, int, java.lang.Object)'> (0x00000000d6333cd0) 
thrown [s\src\hotspot\share\interpreter\linkResolver.cpp, line 773]
Event: 1335.484 Thread 0x0000015fee05ae60 Exception <a 'java/lang/NoSuchMethodError'{0x00000000d6750368}: 'int java.lang.invoke.Invokers$Holder.invokeExact_MT(java.lang.Object, java.lang.Object)'> (0x00000000d6750368) 
thrown [s\src\hotspot\share\interpreter\linkResolver.cpp, line 773]
Event: 1336.342 Thread 0x0000015fee024710 Exception <a 'java/lang/NoSuchMethodError'{0x00000000d584d080}: 'java.lang.Object java.lang.invoke.Invokers$Holder.invoke_MT(java.lang.Object, java.lang.Object, java.lang.Object, java.lang.Object, java.lang.Object, java.lang.Object, java.lang.Object, java.lang.Object, java.lang.Object, java.lang.Object)'> (0x00000000d584d080) 
thrown [s\src\hotspot\share\interpreter\linkResolver.cpp, line 773]
Event: 1339.281 Thread 0x0000015fee05a140 Exception <a 'java/lang/ClassNotFoundException'{0x00000000d55cbcc0}: com/sun/org/apache/xerces/internal/impl/msg/spi/DOMMessagesProvider> (0x00000000d55cbcc0) 
thrown [s\src\hotspot\share\classfile\systemDictionary.cpp, line 312]
Event: 1339.292 Thread 0x0000015fee05a140 Exception <a 'java/lang/ClassNotFoundException'{0x00000000d55ecee8}: com/sun/org/apache/xerces/internal/impl/msg/spi/XMLSerializerMessagesProvider> (0x00000000d55ecee8) 
thrown [s\src\hotspot\share\classfile\systemDictionary.cpp, line 312]
Event: 1339.293 Thread 0x0000015fee05a140 Exception <a 'java/lang/ClassNotFoundException'{0x00000000d5610dd0}: com/sun/org/apache/xerces/internal/impl/msg/spi/XMLMessagesProvider> (0x00000000d5610dd0) 
thrown [s\src\hotspot\share\classfile\systemDictionary.cpp, line 312]
Event: 1339.384 Thread 0x0000015fee05a140 Exception <a 'sun/nio/fs/WindowsException'{0x00000000d57b8b90}> (0x00000000d57b8b90) 
thrown [s\src\hotspot\share\prims\jni.cpp, line 520]
Event: 1339.390 Thread 0x0000015fee05a140 Exception <a 'sun/nio/fs/WindowsException'{0x00000000d57ba4f0}> (0x00000000d57ba4f0) 
thrown [s\src\hotspot\share\prims\jni.cpp, line 520]
Event: 1339.416 Thread 0x0000015fee05a140 Exception <a 'java/io/FileNotFoundException'{0x00000000d5836e78}> (0x00000000d5836e78) 
thrown [s\src\hotspot\share\prims\jni.cpp, line 520]
Event: 1339.464 Thread 0x0000015fee05a140 Exception <a 'java/io/FileNotFoundException'{0x00000000d5b59798}> (0x00000000d5b59798) 
thrown [s\src\hotspot\share\prims\jni.cpp, line 520]
Event: 1339.470 Thread 0x0000015fee05a140 Exception <a 'java/io/FileNotFoundException'{0x00000000d5c1f1c8}> (0x00000000d5c1f1c8) 
thrown [s\src\hotspot\share\prims\jni.cpp, line 520]
Event: 1339.470 Thread 0x0000015fee05a140 Exception <a 'java/io/FileNotFoundException'{0x00000000d5c1ff30}> (0x00000000d5c1ff30) 
thrown [s\src\hotspot\share\prims\jni.cpp, line 520]
Event: 1340.052 Thread 0x0000015fee05a140 Exception <a 'java/lang/NoSuchMethodError'{0x00000000d59b0a80}: 'long java.lang.invoke.DirectMethodHandle$Holder.invokeSpecial(java.lang.Object, java.lang.Object)'> (0x00000000d59b0a80) 
thrown [s\src\hotspot\share\interpreter\linkResolver.cpp, line 773]
Event: 1340.054 Thread 0x0000015fee05a140 Exception <a 'java/lang/NoSuchMethodError'{0x00000000d5a018b8}: 'long java.lang.invoke.Invokers$Holder.invokeExact_MT(java.lang.Object, java.lang.Object)'> (0x00000000d5a018b8) 
thrown [s\src\hotspot\share\interpreter\linkResolver.cpp, line 773]
Event: 1340.197 Thread 0x0000015fee05a140 Exception <a 'java/lang/NoSuchMethodError'{0x00000000d66a2178}: 'java.lang.Object java.lang.invoke.DirectMethodHandle$Holder.newInvokeSpecial(java.lang.Object, java.lang.Object, java.lang.Object, java.lang.Object, java.lang.Object, java.lang.Object, java.lang.Object, java.lang.Object)'> (0x00000000d66a2178) 
thrown [s\src\hotspot\share\interpreter\linkResolver.cpp, line 773]
Event: 1340.253 Thread 0x0000015fee05a140 Exception <a 'sun/nio/fs/WindowsException'{0x00000000d6731f58}> (0x00000000d6731f58) 
thrown [s\src\hotspot\share\prims\jni.cpp, line 520]
Event: 1340.297 Thread 0x0000015fee05a140 Exception <a 'sun/nio/fs/WindowsException'{0x00000000d5580880}> (0x00000000d5580880) 
thrown [s\src\hotspot\share\prims\jni.cpp, line 520]
Event: 1343.300 Thread 0x0000015fee024710 Exception <a 'java/lang/LinkageError'{0x00000000d5807998}: loader lombok.launch.ShadowClassLoader @1199fe12 attempted duplicate class definition for lombok.launch.PatchFixesHider$ValPortal. (lombok.launch.PatchFixesHider$ValPortal is in unnamed module of loader lombok.launch.ShadowClassLoader @1199fe12, parent loader org.eclipse.osgi.internal.loader.EquinoxClassLoader @a9903a0)> (0x00000000d5807998) 
thrown [s\src\hotspot\share\classfile\systemDictionary.cpp, line 1682]

ZGC Phase Switch (0 events):
No events

VM Operations (20 events):
Event: 1340.025 Executing VM operation: ParallelGCFailedAllocation (Allocation Failure) done
Event: 1340.285 Executing VM operation: ParallelGCFailedAllocation (Allocation Failure)
Event: 1340.294 Executing VM operation: ParallelGCFailedAllocation (Allocation Failure) done
Event: 1340.684 Executing VM operation: ParallelGCFailedAllocation (Allocation Failure)
Event: 1340.697 Executing VM operation: ParallelGCFailedAllocation (Allocation Failure) done
Event: 1341.100 Executing VM operation: ParallelGCFailedAllocation (Allocation Failure)
Event: 1341.107 Executing VM operation: ParallelGCFailedAllocation (Allocation Failure) done
Event: 1341.945 Executing VM operation: ParallelGCFailedAllocation (Allocation Failure)
Event: 1341.952 Executing VM operation: ParallelGCFailedAllocation (Allocation Failure) done
Event: 1342.770 Executing VM operation: ParallelGCFailedAllocation (Allocation Failure)
Event: 1342.777 Executing VM operation: ParallelGCFailedAllocation (Allocation Failure) done
Event: 1342.819 Executing VM operation: CollectForMetadataAllocation (Metadata GC Threshold)
Event: 1343.157 Executing VM operation: CollectForMetadataAllocation (Metadata GC Threshold) done
Event: 1343.615 Executing VM operation: ParallelGCFailedAllocation (Allocation Failure)
Event: 1343.632 Executing VM operation: ParallelGCFailedAllocation (Allocation Failure) done
Event: 1344.641 Executing VM operation: Cleanup
Event: 1344.705 Executing VM operation: Cleanup done
Event: 1344.773 Executing VM operation: ParallelGCFailedAllocation (Allocation Failure)
Event: 1344.774 Executing VM operation: ParallelGCFailedAllocation (Allocation Failure) done
Event: 1345.779 Executing VM operation: Cleanup

Memory protections (0 events):
No events

Nmethod flushes (20 events):
Event: 1343.044 Thread 0x0000015f8f1c4960 flushing  nmethod 0x0000015f92d81310
Event: 1343.044 Thread 0x0000015f8f1c4960 flushing  nmethod 0x0000015f92d8a510
Event: 1343.044 Thread 0x0000015f8f1c4960 flushing  nmethod 0x0000015f92d91d10
Event: 1343.044 Thread 0x0000015f8f1c4960 flushing  nmethod 0x0000015f92dad910
Event: 1343.044 Thread 0x0000015f8f1c4960 flushing  nmethod 0x0000015f92db1b90
Event: 1343.044 Thread 0x0000015f8f1c4960 flushing  nmethod 0x0000015f92db6090
Event: 1343.044 Thread 0x0000015f8f1c4960 flushing  nmethod 0x0000015f92db7490
Event: 1343.044 Thread 0x0000015f8f1c4960 flushing  nmethod 0x0000015f92db7a90
Event: 1343.044 Thread 0x0000015f8f1c4960 flushing  nmethod 0x0000015f92dbb310
Event: 1343.044 Thread 0x0000015f8f1c4960 flushing  nmethod 0x0000015f92dbba10
Event: 1343.044 Thread 0x0000015f8f1c4960 flushing  nmethod 0x0000015f92dbc110
Event: 1343.044 Thread 0x0000015f8f1c4960 flushing  nmethod 0x0000015f92dbca90
Event: 1343.044 Thread 0x0000015f8f1c4960 flushing  nmethod 0x0000015f92dbe510
Event: 1343.044 Thread 0x0000015f8f1c4960 flushing  nmethod 0x0000015f92dc9b90
Event: 1343.044 Thread 0x0000015f8f1c4960 flushing  nmethod 0x0000015f92dce710
Event: 1343.044 Thread 0x0000015f8f1c4960 flushing  nmethod 0x0000015f92ddd810
Event: 1343.044 Thread 0x0000015f8f1c4960 flushing  nmethod 0x0000015f92de1290
Event: 1343.044 Thread 0x0000015f8f1c4960 flushing  nmethod 0x0000015f92de8910
Event: 1343.044 Thread 0x0000015f8f1c4960 flushing  nmethod 0x0000015f92e11a90
Event: 1343.044 Thread 0x0000015f8f1c4960 flushing  nmethod 0x0000015f92e40190

Events (20 events):
Event: 48.383 Thread 0x0000015fee026150 Thread exited: 0x0000015fee026150
Event: 61.131 Thread 0x0000015fe802adf0 Thread added: 0x0000015feda0f800
Event: 61.133 Thread 0x0000015fe802adf0 Thread added: 0x0000015feda0e390
Event: 63.482 Thread 0x0000015feda0e390 Thread exited: 0x0000015feda0e390
Event: 73.184 Thread 0x0000015feda0f800 Thread exited: 0x0000015feda0f800
Event: 98.388 Thread 0x0000015fed995550 Thread exited: 0x0000015fed995550
Event: 98.388 Thread 0x0000015fed996f90 Thread exited: 0x0000015fed996f90
Event: 98.388 Thread 0x0000015fed99c4e0 Thread exited: 0x0000015fed99c4e0
Event: 1333.496 Thread 0x0000015fed999060 Thread added: 0x0000015fee05a140
Event: 1333.569 Thread 0x0000015fed998340 Thread added: 0x0000015fee05b4f0
Event: 1333.684 Thread 0x0000015fee024710 Thread added: 0x0000015fee05ae60
Event: 1335.491 Thread 0x0000015fe802a5a0 Thread added: 0x0000015feda0ea60
Event: 1337.908 Thread 0x0000015feda0ea60 Thread exited: 0x0000015feda0ea60
Event: 1339.953 Thread 0x0000015fee05a140 Thread added: 0x0000015fee05a7d0
Event: 1339.990 Thread 0x0000015fee05a7d0 Thread exited: 0x0000015fee05a7d0
Event: 1340.517 Thread 0x0000015fe802adf0 Thread added: 0x0000015feda0dcc0
Event: 1340.901 Thread 0x0000015feda0dcc0 Thread exited: 0x0000015feda0dcc0
Event: 1342.355 Thread 0x0000015fe802adf0 Thread added: 0x0000015feda0d5f0
Event: 1343.158 Thread 0x0000015feda0d5f0 Thread exited: 0x0000015feda0d5f0
Event: 1343.452 Thread 0x0000015fe802adf0 Thread added: 0x0000015feda0ea60


Dynamic libraries:
0x00007ff68e3b0000 - 0x00007ff68e3be000 	c:\Users\sinsa\.cursor\extensions\redhat.java-1.43.0-win32-x64\jre\21.0.7-win32-x86_64\bin\java.exe
0x00007ffe11f80000 - 0x00007ffe121e8000 	C:\WINDOWS\SYSTEM32\ntdll.dll
0x00007ffe10da0000 - 0x00007ffe10e69000 	C:\WINDOWS\System32\KERNEL32.DLL
0x00007ffe0f7e0000 - 0x00007ffe0fbcd000 	C:\WINDOWS\System32\KERNELBASE.dll
0x00007ffe0f250000 - 0x00007ffe0f39b000 	C:\WINDOWS\System32\ucrtbase.dll
0x00007ffdf6760000 - 0x00007ffdf6778000 	c:\Users\sinsa\.cursor\extensions\redhat.java-1.43.0-win32-x64\jre\21.0.7-win32-x86_64\bin\jli.dll
0x00007ffdf0520000 - 0x00007ffdf053e000 	c:\Users\sinsa\.cursor\extensions\redhat.java-1.43.0-win32-x64\jre\21.0.7-win32-x86_64\bin\VCRUNTIME140.dll
0x00007ffe10040000 - 0x00007ffe1020c000 	C:\WINDOWS\System32\USER32.dll
0x00007ffe0f450000 - 0x00007ffe0f477000 	C:\WINDOWS\System32\win32u.dll
0x00007ffdf3240000 - 0x00007ffdf34da000 	C:\WINDOWS\WinSxS\amd64_microsoft.windows.common-controls_6595b64144ccf1df_6.0.26100.4484_none_3e0e6d4ce32ef3b3\COMCTL32.dll
0x00007ffe10380000 - 0x00007ffe103ab000 	C:\WINDOWS\System32\GDI32.dll
0x00007ffe0f6a0000 - 0x00007ffe0f7d7000 	C:\WINDOWS\System32\gdi32full.dll
0x00007ffe11640000 - 0x00007ffe116e9000 	C:\WINDOWS\System32\msvcrt.dll
0x00007ffe0f3a0000 - 0x00007ffe0f443000 	C:\WINDOWS\System32\msvcp_win.dll
0x00007ffe103b0000 - 0x00007ffe103df000 	C:\WINDOWS\System32\IMM32.DLL
0x00007ffe03370000 - 0x00007ffe0337c000 	c:\Users\sinsa\.cursor\extensions\redhat.java-1.43.0-win32-x64\jre\21.0.7-win32-x86_64\bin\vcruntime140_1.dll
0x00007ffdcea40000 - 0x00007ffdceacd000 	c:\Users\sinsa\.cursor\extensions\redhat.java-1.43.0-win32-x64\jre\21.0.7-win32-x86_64\bin\msvcp140.dll
0x00007ffd50c40000 - 0x00007ffd519d0000 	c:\Users\sinsa\.cursor\extensions\redhat.java-1.43.0-win32-x64\jre\21.0.7-win32-x86_64\bin\server\jvm.dll
0x00007ffe0ff00000 - 0x00007ffe0ffb4000 	C:\WINDOWS\System32\ADVAPI32.dll
0x00007ffe10e80000 - 0x00007ffe10f26000 	C:\WINDOWS\System32\sechost.dll
0x00007ffe10fb0000 - 0x00007ffe110c8000 	C:\WINDOWS\System32\RPCRT4.dll
0x00007ffe117e0000 - 0x00007ffe11854000 	C:\WINDOWS\System32\WS2_32.dll
0x00007ffe0eac0000 - 0x00007ffe0eb1e000 	C:\WINDOWS\SYSTEM32\POWRPROF.dll
0x00007ffe005f0000 - 0x00007ffe00625000 	C:\WINDOWS\SYSTEM32\WINMM.dll
0x00007ffe03c90000 - 0x00007ffe03c9b000 	C:\WINDOWS\SYSTEM32\VERSION.dll
0x00007ffe0e9a0000 - 0x00007ffe0e9b4000 	C:\WINDOWS\SYSTEM32\UMPDC.dll
0x00007ffe0de60000 - 0x00007ffe0de7b000 	C:\WINDOWS\SYSTEM32\kernel.appcore.dll
0x00007ffdf9f90000 - 0x00007ffdf9f9a000 	c:\Users\sinsa\.cursor\extensions\redhat.java-1.43.0-win32-x64\jre\21.0.7-win32-x86_64\bin\jimage.dll
0x00007ffe0c8f0000 - 0x00007ffe0cb31000 	C:\WINDOWS\SYSTEM32\DBGHELP.DLL
0x00007ffe110d0000 - 0x00007ffe11456000 	C:\WINDOWS\System32\combase.dll
0x00007ffe116f0000 - 0x00007ffe117d0000 	C:\WINDOWS\System32\OLEAUT32.dll
0x00007ffdebf20000 - 0x00007ffdebf63000 	C:\WINDOWS\SYSTEM32\dbgcore.DLL
0x00007ffe0f480000 - 0x00007ffe0f519000 	C:\WINDOWS\System32\bcryptPrimitives.dll
0x00007ffdec9b0000 - 0x00007ffdec9bf000 	c:\Users\sinsa\.cursor\extensions\redhat.java-1.43.0-win32-x64\jre\21.0.7-win32-x86_64\bin\instrument.dll
0x00007ffdec9c0000 - 0x00007ffdec9df000 	c:\Users\sinsa\.cursor\extensions\redhat.java-1.43.0-win32-x64\jre\21.0.7-win32-x86_64\bin\java.dll
0x00007ffe105a0000 - 0x00007ffe10cea000 	C:\WINDOWS\System32\SHELL32.dll
0x00007ffe0f520000 - 0x00007ffe0f694000 	C:\WINDOWS\System32\wintypes.dll
0x00007ffe0cce0000 - 0x00007ffe0d53b000 	C:\WINDOWS\SYSTEM32\windows.storage.dll
0x00007ffe11470000 - 0x00007ffe11565000 	C:\WINDOWS\System32\SHCORE.dll
0x00007ffe11ed0000 - 0x00007ffe11f3a000 	C:\WINDOWS\System32\shlwapi.dll
0x00007ffe0efe0000 - 0x00007ffe0f00f000 	C:\WINDOWS\SYSTEM32\profapi.dll
0x00007ffde0ec0000 - 0x00007ffde0ed8000 	c:\Users\sinsa\.cursor\extensions\redhat.java-1.43.0-win32-x64\jre\21.0.7-win32-x86_64\bin\zip.dll
0x00007ffdf0840000 - 0x00007ffdf0850000 	C:\Users\sinsa\.cursor\extensions\redhat.java-1.43.0-win32-x64\jre\21.0.7-win32-x86_64\bin\net.dll
0x00007ffe04840000 - 0x00007ffe0495e000 	C:\WINDOWS\SYSTEM32\WINHTTP.dll
0x00007ffe0e400000 - 0x00007ffe0e46a000 	C:\WINDOWS\system32\mswsock.dll
0x00007ffddfa00000 - 0x00007ffddfa16000 	C:\Users\sinsa\.cursor\extensions\redhat.java-1.43.0-win32-x64\jre\21.0.7-win32-x86_64\bin\nio.dll
0x00007ffdebca0000 - 0x00007ffdebcb0000 	c:\Users\sinsa\.cursor\extensions\redhat.java-1.43.0-win32-x64\jre\21.0.7-win32-x86_64\bin\verify.dll
0x00007ffdd3160000 - 0x00007ffdd31a5000 	C:\Users\sinsa\AppData\Roaming\Cursor\User\globalStorage\redhat.java\1.43.0\config_win\org.eclipse.equinox.launcher\org.eclipse.equinox.launcher.win32.win32.x86_64_1.2.1300.v20250331-1702\eclipse_11911.dll
0x00007ffe103f0000 - 0x00007ffe1058e000 	C:\WINDOWS\System32\ole32.dll
0x00007ffde5ef0000 - 0x00007ffde5efa000 	C:\Users\sinsa\.cursor\extensions\redhat.java-1.43.0-win32-x64\jre\21.0.7-win32-x86_64\bin\management.dll
0x00007ffde2700000 - 0x00007ffde270b000 	C:\Users\sinsa\.cursor\extensions\redhat.java-1.43.0-win32-x64\jre\21.0.7-win32-x86_64\bin\management_ext.dll
0x00007ffe11620000 - 0x00007ffe11628000 	C:\WINDOWS\System32\PSAPI.DLL
0x00007ffe0e6b0000 - 0x00007ffe0e6cb000 	C:\WINDOWS\SYSTEM32\CRYPTSP.dll
0x00007ffe0ddc0000 - 0x00007ffe0ddfa000 	C:\WINDOWS\system32\rsaenh.dll
0x00007ffe0e4a0000 - 0x00007ffe0e4cb000 	C:\WINDOWS\SYSTEM32\USERENV.dll
0x00007ffe0efb0000 - 0x00007ffe0efd6000 	C:\WINDOWS\SYSTEM32\bcrypt.dll
0x00007ffe0e6d0000 - 0x00007ffe0e6dc000 	C:\WINDOWS\SYSTEM32\CRYPTBASE.dll
0x00007ffe0d820000 - 0x00007ffe0d853000 	C:\WINDOWS\SYSTEM32\IPHLPAPI.DLL
0x00007ffe10e70000 - 0x00007ffe10e7a000 	C:\WINDOWS\System32\NSI.dll
0x00007ffdd5440000 - 0x00007ffdd5489000 	C:\Users\sinsa\AppData\Local\Temp\jna-109442342\jna10146425105043616875.dll
0x00007ffe04e30000 - 0x00007ffe04e4f000 	C:\WINDOWS\SYSTEM32\dhcpcsvc6.DLL
0x00007ffe04d40000 - 0x00007ffe04d65000 	C:\WINDOWS\SYSTEM32\dhcpcsvc.DLL
0x00007ffde26f0000 - 0x00007ffde26fe000 	C:\Users\sinsa\.cursor\extensions\redhat.java-1.43.0-win32-x64\jre\21.0.7-win32-x86_64\bin\sunmscapi.dll
0x00007ffe0f0d0000 - 0x00007ffe0f247000 	C:\WINDOWS\System32\CRYPT32.dll
0x00007ffe0e960000 - 0x00007ffe0e990000 	C:\WINDOWS\SYSTEM32\ncrypt.dll
0x00007ffe0e910000 - 0x00007ffe0e94f000 	C:\WINDOWS\SYSTEM32\NTASN1.dll
0x00007ffe0d860000 - 0x00007ffe0d986000 	C:\WINDOWS\SYSTEM32\DNSAPI.dll
0x00007ffe04980000 - 0x00007ffe0498b000 	C:\Windows\System32\rasadhlp.dll
0x00007ffe056d0000 - 0x00007ffe05756000 	C:\WINDOWS\System32\fwpuclnt.dll
0x00007ffde26e0000 - 0x00007ffde26e9000 	C:\Users\sinsa\.cursor\extensions\redhat.java-1.43.0-win32-x64\jre\21.0.7-win32-x86_64\bin\extnet.dll

dbghelp: loaded successfully - version: 4.0.5 - missing functions: none
symbol engine: initialized successfully - sym options: 0x614 - pdb path: .;c:\Users\sinsa\.cursor\extensions\redhat.java-1.43.0-win32-x64\jre\21.0.7-win32-x86_64\bin;C:\WINDOWS\SYSTEM32;C:\WINDOWS\WinSxS\amd64_microsoft.windows.common-controls_6595b64144ccf1df_6.0.26100.4484_none_3e0e6d4ce32ef3b3;c:\Users\sinsa\.cursor\extensions\redhat.java-1.43.0-win32-x64\jre\21.0.7-win32-x86_64\bin\server;C:\Users\sinsa\AppData\Roaming\Cursor\User\globalStorage\redhat.java\1.43.0\config_win\org.eclipse.equinox.launcher\org.eclipse.equinox.launcher.win32.win32.x86_64_1.2.1300.v20250331-1702;C:\Users\sinsa\AppData\Local\Temp\jna-109442342

VM Arguments:
jvm_args: --add-modules=ALL-SYSTEM --add-opens=java.base/java.util=ALL-UNNAMED --add-opens=java.base/java.lang=ALL-UNNAMED --add-opens=java.base/sun.nio.fs=ALL-UNNAMED -Declipse.application=org.eclipse.jdt.ls.core.id1 -Dosgi.bundles.defaultStartLevel=4 -Declipse.product=org.eclipse.jdt.ls.core.product -Djava.import.generatesMetadataFilesAtProjectRoot=false -DDetectVMInstallationsJob.disabled=true -Dfile.encoding=utf8 -XX:+UseParallelGC -XX:GCTimeRatio=4 -XX:AdaptiveSizePolicyWeight=90 -Dsun.zip.disableMemoryMapping=true -Xmx2G -Xms100m -Xlog:disable -javaagent:c:\Users\sinsa\.cursor\extensions\redhat.java-1.43.0-win32-x64\lombok\lombok-1.18.39-4050.jar -XX:+HeapDumpOnOutOfMemoryError -XX:HeapDumpPath=c:\Users\sinsa\AppData\Roaming\Cursor\User\workspaceStorage\a40e79e10b17a5a40ff4f0e9fb774601\redhat.java -Daether.dependencyCollector.impl=bf 
java_command: c:\Users\sinsa\.cursor\extensions\redhat.java-1.43.0-win32-x64\server\plugins\org.eclipse.equinox.launcher_1.7.0.v20250519-0528.jar -configuration c:\Users\sinsa\AppData\Roaming\Cursor\User\globalStorage\redhat.java\1.43.0\config_win -data c:\Users\sinsa\AppData\Roaming\Cursor\User\workspaceStorage\a40e79e10b17a5a40ff4f0e9fb774601\redhat.java\jdt_ws --pipe=\\.\pipe\lsp-4108329c3cda866eb1f0c43f28e06749-sock
java_class_path (initial): c:\Users\sinsa\.cursor\extensions\redhat.java-1.43.0-win32-x64\server\plugins\org.eclipse.equinox.launcher_1.7.0.v20250519-0528.jar
Launcher Type: SUN_STANDARD

[Global flags]
    uintx AdaptiveSizePolicyWeight                 = 90                                        {product} {command line}
     intx CICompilerCount                          = 4                                         {product} {ergonomic}
    uintx GCTimeRatio                              = 4                                         {product} {command line}
     bool HeapDumpOnOutOfMemoryError               = true                                   {manageable} {command line}
    ccstr HeapDumpPath                             = c:\Users\sinsa\AppData\Roaming\Cursor\User\workspaceStorage\a40e79e10b17a5a40ff4f0e9fb774601\redhat.java         {manageable} {command line}
   size_t InitialHeapSize                          = 104857600                                 {product} {command line}
   size_t MaxHeapSize                              = 2147483648                                {product} {command line}
   size_t MaxNewSize                               = 715653120                                 {product} {ergonomic}
   size_t MinHeapDeltaBytes                        = 524288                                    {product} {ergonomic}
   size_t MinHeapSize                              = 104857600                                 {product} {command line}
   size_t NewSize                                  = 34603008                                  {product} {ergonomic}
    uintx NonNMethodCodeHeapSize                   = 5839372                                {pd product} {ergonomic}
    uintx NonProfiledCodeHeapSize                  = 122909434                              {pd product} {ergonomic}
   size_t OldSize                                  = 70254592                                  {product} {ergonomic}
    uintx ProfiledCodeHeapSize                     = 122909434                              {pd product} {ergonomic}
    uintx ReservedCodeCacheSize                    = 251658240                              {pd product} {ergonomic}
     bool SegmentedCodeCache                       = true                                      {product} {ergonomic}
   size_t SoftMaxHeapSize                          = 2147483648                             {manageable} {ergonomic}
     bool UseCompressedOops                        = true                           {product lp64_product} {ergonomic}
     bool UseLargePagesIndividualAllocation        = false                                  {pd product} {ergonomic}
     bool UseParallelGC                            = true                                      {product} {command line}

Logging:
Log output configuration:
 #0: stdout all=off uptime,level,tags foldmultilines=false
 #1: stderr all=off uptime,level,tags foldmultilines=false

Environment Variables:
JAVA_HOME=C:\Program Files\Java\jdk-23
PATH=c:\Users\sinsa\AppData\Local\Programs\cursor\resources\app\bin;C:\Program Files\Common Files\Oracle\Java\javapath;C:\Windows\system32;C:\Windows;C:\Windows\System32\Wbem;C:\Windows\System32\WindowsPowerShell\v1.0\;C:\Windows\System32\OpenSSH\;C:\Program Files (x86)\NVIDIA Corporation\PhysX\Common;C:\Program Files\NVIDIA Corporation\NVIDIA NvDLISR;C:\Program Files\Git\cmd;C:\Program Files\RedHat\Podman\;C:\Program Files\nodejs;C:\WINDOWS\system32;C:\WINDOWS;C:\WINDOWS\System32\Wbem;C:\WINDOWS\System32\WindowsPowerShell\v1.0\;C:\WINDOWS\System32\OpenSSH\;C:\Program Files\Java\jdk-23\bin;C:\Program Files\apache-maven-3.9.9\bin;C:\Program Files (x86)\GnuWin32\bin;C:\ProgramData\chocolatey\bin;C:\Program Files\Java\jdk-23\bin;C:\Program Files\GitHub CLI\;C:\protoc-29.3-win64 (1)\bin;C:\grpcurl_1.9.2_windows_x86_64;C:\Program Files\Go\bin;C:\Users\sinsa\AppData\Local\Microsoft\WindowsApps;C:\Users\sinsa\Downloads\flutter_windows_3.27.2-stable\flutter\bin;C:\Program Files\nodejs;C:\Pro;C:\Users\sinsa\AppData\Local\Packages\PythonSoftwareFoundation.Python.3.13_qbz5n2kfra8p0\LocalCache\local-packages\Python313\Scripts;C:\Users\sinsa\AppData\Local\Microsoft\WindowsApps;C:\Users\sinsa\AppData\Local\Programs\Microsoft VS Code\bin;C:\Users\sinsa\Downloads\flutter_windows_3.27.2-stable\flutter\bin;C:\Program Files\nodejs;C:\Program Files\nodejs\node_modules\npm\bin;C:\Users\sinsa\AppData\Roaming\npm;C:\Program Files\apache-maven-3.9.9\bin;C:\Program Files (x86)\GnuWin32\bin;C:\ProgramData\chocolatey\bin;C:\Program Files\Java\jdk-23\bin;C:\protoc-29.3-win64 (1)\bin;C:\Users\sinsa\go\bin;C:\Program Files\JetBrains\IntelliJ IDEA Community Edition 2024.3.4\bin;;C:\Users\sinsa\AppData\Local\Programs\cursor\resources\app\bin;C:\Users\sinsa\AppData\Local\Packages\PythonSoftwareFoundation.Python.3.13_qbz5n2kfra8p0\LocalCache\local-packages\Python313\Scripts;
USERNAME=sinsa
OS=Windows_NT
PROCESSOR_IDENTIFIER=Intel64 Family 6 Model 186 Stepping 2, GenuineIntel
TMP=C:\Users\sinsa\AppData\Local\Temp
TEMP=C:\Users\sinsa\AppData\Local\Temp




Periodic native trim disabled

---------------  S Y S T E M  ---------------

OS:
 Windows 11 , 64 bit Build 26100 (10.0.26100.4484)
OS uptime: 0 days 21:07 hours
Hyper-V role detected

CPU: total 12 (initial active 12) (6 cores per cpu, 2 threads per core) family 6 model 186 stepping 2 microcode 0x410e, cx8, cmov, fxsr, ht, mmx, 3dnowpref, sse, sse2, sse3, ssse3, sse4.1, sse4.2, popcnt, lzcnt, tsc, tscinvbit, avx, avx2, aes, erms, clmul, bmi1, bmi2, adx, sha, fma, vzeroupper, clflush, clflushopt, clwb, hv, serialize, rdtscp, rdpid, fsrm, f16c, cet_ibt, cet_ss
Processor Information for processor 0
  Max Mhz: 2100, Current Mhz: 2100, Mhz Limit: 2100
Processor Information for processor 1
  Max Mhz: 2100, Current Mhz: 2100, Mhz Limit: 2100
Processor Information for processor 2
  Max Mhz: 2100, Current Mhz: 2100, Mhz Limit: 2100
Processor Information for processor 3
  Max Mhz: 2100, Current Mhz: 2100, Mhz Limit: 2100
Processor Information for processor 4
  Max Mhz: 2100, Current Mhz: 2100, Mhz Limit: 2100
Processor Information for processor 5
  Max Mhz: 2100, Current Mhz: 2100, Mhz Limit: 2100
Processor Information for processor 6
  Max Mhz: 2100, Current Mhz: 2100, Mhz Limit: 2100
Processor Information for processor 7
  Max Mhz: 2100, Current Mhz: 2100, Mhz Limit: 2100
Processor Information for processor 8
  Max Mhz: 2100, Current Mhz: 2100, Mhz Limit: 2100
Processor Information for processor 9
  Max Mhz: 2100, Current Mhz: 2100, Mhz Limit: 2100
Processor Information for processor 10
  Max Mhz: 2100, Current Mhz: 2100, Mhz Limit: 2100
Processor Information for processor 11
  Max Mhz: 2100, Current Mhz: 1540, Mhz Limit: 2100

Memory: 4k page, system-wide physical 16087M (712M free)
TotalPageFile size 65239M (AvailPageFile size 9M)
current process WorkingSet (physical memory assigned to process): 224M, peak: 251M
current process commit charge ("private bytes"): 372M, peak: 381M

vm_info: OpenJDK 64-Bit Server VM (21.0.7+6-LTS) for windows-amd64 JRE (21.0.7+6-LTS), built on 2025-04-15T00:00:00Z by "admin" with MS VC++ 17.7 (VS2022)

END.
